Running: /opt/Xilinx/14.7/ISE_DS/ISE/bin/lin64/unwrapped/fuse -intstyle ise -incremental -lib unisims_ver -lib unimacro_ver -lib xilinxcorelib_ver -lib secureip -o /home/anderson/Matrix_RGB/Data_codec_isim_beh.exe -prj /home/anderson/Matrix_RGB/Data_codec_beh.prj work.Data_codec work.glbl 
ISim P.20131013 (signature 0xfbc00daa)
Number of CPUs detected in this system: 4
Turning on mult-threading, number of parallel sub-compilation jobs: 8 
Determining compilation order of HDL files
Analyzing Verilog file "/home/anderson/Matrix_RGB/Data_codec.v" into library work
Analyzing Verilog file "/opt/Xilinx/14.7/ISE_DS/ISE//verilog/src/glbl.v" into library work
Starting static elaboration
WARNING:HDLCompiler:1007 - "/home/anderson/Matrix_RGB/Data_codec.v" Line 55: Element index 31 into matrix_R is out of bounds
WARNING:HDLCompiler:1007 - "/home/anderson/Matrix_RGB/Data_codec.v" Line 56: Element index 31 into matrix_R is out of bounds
WARNING:HDLCompiler:1007 - "/home/anderson/Matrix_RGB/Data_codec.v" Line 59: Element index 31 into matrix_R is out of bounds
WARNING:HDLCompiler:1007 - "/home/anderson/Matrix_RGB/Data_codec.v" Line 60: Element index 31 into matrix_R is out of bounds
WARNING:HDLCompiler:1007 - "/home/anderson/Matrix_RGB/Data_codec.v" Line 63: Element index 31 into matrix_R is out of bounds
WARNING:HDLCompiler:1007 - "/home/anderson/Matrix_RGB/Data_codec.v" Line 64: Element index 31 into matrix_R is out of bounds
WARNING:HDLCompiler:1007 - "/home/anderson/Matrix_RGB/Data_codec.v" Line 67: Element index 31 into matrix_R is out of bounds
WARNING:HDLCompiler:1007 - "/home/anderson/Matrix_RGB/Data_codec.v" Line 68: Element index 31 into matrix_R is out of bounds
WARNING:HDLCompiler:1007 - "/home/anderson/Matrix_RGB/Data_codec.v" Line 71: Element index 31 into matrix_R is out of bounds
WARNING:HDLCompiler:1007 - "/home/anderson/Matrix_RGB/Data_codec.v" Line 72: Element index 31 into matrix_R is out of bounds
WARNING:HDLCompiler:1007 - "/home/anderson/Matrix_RGB/Data_codec.v" Line 75: Element index 31 into matrix_R is out of bounds
WARNING:HDLCompiler:1007 - "/home/anderson/Matrix_RGB/Data_codec.v" Line 76: Element index 31 into matrix_R is out of bounds
WARNING:HDLCompiler:1007 - "/home/anderson/Matrix_RGB/Data_codec.v" Line 79: Element index 31 into matrix_R is out of bounds
WARNING:HDLCompiler:1007 - "/home/anderson/Matrix_RGB/Data_codec.v" Line 80: Element index 31 into matrix_R is out of bounds
WARNING:HDLCompiler:1007 - "/home/anderson/Matrix_RGB/Data_codec.v" Line 83: Element index 31 into matrix_R is out of bounds
WARNING:HDLCompiler:1007 - "/home/anderson/Matrix_RGB/Data_codec.v" Line 84: Element index 31 into matrix_R is out of bounds
Completed static elaboration
Fuse Memory Usage: 94696 KB
Fuse CPU Usage: 1200 ms
Compiling module Data_codec
Compiling module glbl
Time Resolution for simulation is 1ps.
Waiting for 1 sub-compilation(s) to finish...
Compiled 2 Verilog Units
Built simulation executable /home/anderson/Matrix_RGB/Data_codec_isim_beh.exe
Fuse Memory Usage: 654864 KB
Fuse CPU Usage: 1210 ms
GCC CPU Usage: 370 ms
